<?xml version="1.0" encoding="UTF-8"?>
<!-- Generated by org.testng.reporters.JUnitReportReporter -->
<testsuite skipped="0" hostname="DESKTOP-D64SJFJ" name="test.java.tabulator.Test_Tabulator" tests="1" failures="0" timestamp="15 апр 2019 09:00:52 GMT" time="1.442" errors="0">
  <testcase name="checkValueInTheTable" time="1.442" classname="test.java.tabulator.Test_Tabulator"/>
</testsuite> <!-- test.java.tabulator.Test_Tabulator -->
