<?xml version="1.0" encoding="UTF-8"?>
<!-- Generated by org.testng.reporters.JUnitReportReporter -->
<testsuite skipped="0" hostname="DESKTOP-D64SJFJ" name="test.java.codepenio.Test_Codepenio" tests="1" failures="0" timestamp="15 апр 2019 09:00:52 GMT" time="0.100" errors="0">
  <testcase name="checkForecastLink" time="0.100" classname="test.java.codepenio.Test_Codepenio"/>
</testsuite> <!-- test.java.codepenio.Test_Codepenio -->
