<?xml version="1.0" encoding="UTF-8"?>
<!-- Generated by org.testng.reporters.JUnitReportReporter -->
<testsuite skipped="0" hostname="DESKTOP-D64SJFJ" name="test.java.quickitcom.Test_Quickitcom" tests="1" failures="0" timestamp="15 апр 2019 09:00:52 GMT" time="3.330" errors="0">
  <testcase name="checkNumberOfFilesAfterClckOnButton" time="3.330" classname="test.java.quickitcom.Test_Quickitcom"/>
</testsuite> <!-- test.java.quickitcom.Test_Quickitcom -->
